2024-02-25 00:20:29 | INFO | token created successfully |
2024-02-26 03:36:57 | ERROR | duplicate key value violates unique constraint "users_email_key" |
2024-02-26 03:40:21 | ERROR | duplicate key value violates unique constraint "users_email_key" |
2024-02-26 03:40:42 | ERROR | duplicate key value violates unique constraint "users_email_key" |
2024-02-26 03:41:06 | ERROR | duplicate key value violates unique constraint "users_email_key" |
2024-02-26 03:41:22 | ERROR | duplicate key value violates unique constraint "users_email_key" |
2024-02-27 10:28:55 | ERROR | password authentication failed for user "postgres" |
2024-02-27 10:29:39 | ERROR | password authentication failed for user "postgres" |
2024-02-27 10:36:11 | INFO | token created successfully |
2024-02-27 11:50:24 | INFO | sign up succed |
2024-02-27 11:51:30 | INFO | login succed |
2024-02-27 11:51:35 | ERROR | password is not valid |
2024-02-27 11:51:45 | ERROR | username is not exist |
2024-02-27 11:51:58 | ERROR | username is not exist |
2024-02-27 11:52:02 | INFO | login succed |
2024-02-27 11:52:21 | ERROR | data and salt arguments required |
2024-02-27 11:54:54 | ERROR | duplicate key value violates unique constraint "users_email_key" |
2024-02-27 11:55:02 | ERROR | duplicate key value violates unique constraint "uq_username" |
2024-02-27 11:57:18 | INFO | sign up succed |
2024-02-27 11:57:27 | INFO | login succed |
